Start at 2016-11-22 22:18:25.648786
Last login: Tue Nov 22 02:30:00 2016 from 101.230.14.213
]0;triniti@ip-208-109-95-30:~[?1034h[triniti@ip-208-109-95-30 ~]$ [K[triniti@ip-208-109-95-30 ~]$ w
 06:25:29 up 543 days,  4:13,  1 user,  load average: 0.00, 0.00, 0.00
USER     TTY      FROM              LOGIN@   IDLE   JCPU   PCPU WHAT
triniti  pts/1    101.230.14.213   06:25    0.00s  0.00s  0.00s w
]0;triniti@ip-208-109-95-30:~[triniti@ip-208-109-95-30 ~]$ top
[H[2J(B[mtop - 06:25:38 up 543 days,  4:13,  1 user,  load average: 0.00, 0.00, 0.00(B[m[39;49m[K
Tasks:(B[m[39;49m(B[m 174 (B[m[39;49mtotal,(B[m[39;49m(B[m   1 (B[m[39;49mrunning,(B[m[39;49m(B[m 173 (B[m[39;49msleeping,(B[m[39;49m(B[m   0 (B[m[39;49mstopped,(B[m[39;49m(B[m   0 (B[m[39;49mzombie(B[m[39;49m[K
Cpu(s):(B[m[39;49m(B[m  1.6%(B[m[39;49mus,(B[m[39;49m(B[m  1.1%(B[m[39;49msy,(B[m[39;49m(B[m  0.0%(B[m[39;49mni,(B[m[39;49m(B[m 96.3%(B[m[39;49mid,(B[m[39;49m(B[m  0.3%(B[m[39;49mwa,(B[m[39;49m(B[m  0.0%(B[m[39;49mhi,(B[m[39;49m(B[m  0.7%(B[m[39;49msi,(B[m[39;49m(B[m  0.0%(B[m[39;49mst(B[m[39;49m[K
Mem: (B[m[39;49m(B[m  7954536k (B[m[39;49mtotal,(B[m[39;49m(B[m  7152308k (B[m[39;49mused,(B[m[39;49m(B[m   802228k (B[m[39;49mfree,(B[m[39;49m(B[m   279492k (B[m[39;49mbuffers(B[m[39;49m[K
Swap:(B[m[39;49m(B[m  2097144k (B[m[39;49mtotal,(B[m[39;49m(B[m   284004k (B[m[39;49mused,(B[m[39;49m(B[m  1813140k (B[m[39;49mfree,(B[m[39;49m(B[m  5305356k (B[m[39;49mcached(B[m[39;49m[K
[6;1H
[7m  PID USER      PR  NI  VIRT  RES  SHR S %CPU %MEM    TIME+  COMMAND                                (B[m[39;49m[K
(B[m24524 root      20   0 1581m 980m 1416 S  6.0 12.6  45134:10 java                                   (B[m[39;49m
(B[m16112 www       20   0 67080 6604  936 S  4.0  0.1   1305:37 nginx                                  (B[m[39;49m
(B[m24819 root      20   0 17244 3880  348 S  4.0  0.0   9094:40 NewHttpFront003                        (B[m[39;49m
(B[m16114 www       20   0 67276 8692  936 S  2.0  0.1   1302:57 nginx                                  (B[m[39;49m
(B[m24788 root      20   0 17908 6460  348 S  2.0  0.1   9086:35 NewHttpFront002                        (B[m[39;49m
(B[m24840 root      20   0 16520 3240  348 S  2.0  0.0   9087:17 NewHttpFront004                        (B[m[39;49m
(B[m    1 root      20   0 19364  968  756 S  0.0  0.0   0:21.17 init                                   (B[m[39;49m
(B[m    2 root      20   0     0    0    0 S  0.0  0.0   0:00.00 kthreadd                               (B[m[39;49m
(B[m    3 root      RT   0     0    0    0 S  0.0  0.0   0:17.29 migration/0                            (B[m[39;49m
(B[m    4 root      20   0     0    0    0 S  0.0  0.0  35:07.84 ksoftirqd/0                            (B[m[39;49m
(B[m    5 root      RT   0     0    0    0 S  0.0  0.0   0:00.00 migration/0                            (B[m[39;49m
(B[m    6 root      RT   0     0    0    0 S  0.0  0.0   0:45.13 watchdog/0                             (B[m[39;49m
(B[m    7 root      RT   0     0    0    0 S  0.0  0.0   0:05.01 migration/1                            (B[m[39;49m
(B[m    8 root      RT   0     0    0    0 S  0.0  0.0   0:00.00 migration/1                            (B[m[39;49m
(B[m    9 root      20   0     0    0    0 S  0.0  0.0  71:10.33 ksoftirqd/1                            (B[m[39;49m
(B[m   10 root      RT   0     0    0    0 S  0.0  0.0   0:29.29 watchdog/1                             (B[m[39;49m
(B[m   11 root      RT   0     0    0    0 S  0.0  0.0   0:06.39 migration/2                            (B[m[39;49m
(B[m   12 root      RT   0     0    0    0 S  0.0  0.0   0:00.00 migration/2                            (B[m[39;49m
(B[m   13 root      20   0     0    0    0 S  0.0  0.0  20:02.80 ksoftirqd/2                            (B[m[39;49m
(B[m   14 root      RT   0     0    0    0 S  0.0  0.0   0:32.21 watchdog/2                             (B[m[39;49m
(B[m   15 root      RT   0     0    0    0 S  0.0  0.0   0:02.35 migration/3                            (B[m[39;49m
(B[m   16 root      RT   0     0    0    0 S  0.0  0.0   0:00.00 migration/3                            (B[m[39;49m
(B[m   17 root      20   0     0    0    0 S  0.0  0.0  12:31.71 ksoftirqd/3                            (B[m[39;49m
(B[m   18 root      RT   0     0    0    0 S  0.0  0.0   0:32.49 watchdog/3                             (B[m[39;49m
(B[m   19 root      20   0     0    0    0 S  0.0  0.0  37:46.35 events/0                               (B[m[39;49m
(B[m   20 root      20   0     0    0    0 S  0.0  0.0  66:15.09 events/1                               (B[m[39;49m
(B[m   21 root      20   0     0    0    0 S  0.0  0.0  14:52.76 events/2                               (B[m[39;49m
(B[m   22 root      20   0     0    0    0 S  0.0  0.0  31:59.72 events/3                               (B[m[39;49m[6;1H[K[H(B[mtop - 06:25:41 up 543 days,  4:13,  1 user,  load average: 0.00, 0.00, 0.00(B[m[39;49m[K
Tasks:(B[m[39;49m(B[m 174 (B[m[39;49mtotal,(B[m[39;49m(B[m   1 (B[m[39;49mrunning,(B[m[39;49m(B[m 173 (B[m[39;49msleeping,(B[m[39;49m(B[m   0 (B[m[39;49mstopped,(B[m[39;49m(B[m   0 (B[m[39;49mzombie(B[m[39;49m[K
Cpu(s):(B[m[39;49m(B[m  1.2%(B[m[39;49mus,(B[m[39;49m(B[m  0.8%(B[m[39;49msy,(B[m[39;49m(B[m  0.0%(B[m[39;49mni,(B[m[39;49m(B[m 96.7%(B[m[39;49mid,(B[m[39;49m(B[m  0.7%(B[m[39;49mwa,(B[m[39;49m(B[m  0.0%(B[m[39;49mhi,(B[m[39;49m(B[m  0.6%(B[m[39;49msi,(B[m[39;49m(B[m  0.0%(B[m[39;49mst(B[m[39;49m[K
Mem: (B[m[39;49m(B[m  7954536k (B[m[39;49mtotal,(B[m[39;49m(B[m  7152812k (B[m[39;49mused,(B[m[39;49m(B[m   801724k (B[m[39;49mfree,(B[m[39;49m(B[m   279492k (B[m[39;49mbuffers(B[m[39;49m[K
Swap:(B[m[39;49m(B[m  2097144k (B[m[39;49mtotal,(B[m[39;49m(B[m   284004k (B[m[39;49mused,(B[m[39;49m(B[m  1813140k (B[m[39;49mfree,(B[m[39;49m(B[m  5305708k (B[m[39;49mcached(B[m[39;49m[K
[6;1H
[7m  PID USER      PR  NI  VIRT  RES  SHR S %CPU %MEM    TIME+  COMMAND                                (B[m[39;49m[K
(B[m24524 root      20   0 1581m 980m 1416 S  4.3 12.6  45134:11 java                                   (B[m[39;49m
(B[m24570 root      20   0 18000 3932  348 S  1.0  0.0   9090:53 NewHttpFront001                        (B[m[39;49m
(B[m24788 root      20   0 17908 6460  348 S  1.0  0.1   9086:35 NewHttpFront002                        (B[m[39;49m
(B[m24840 root      20   0 16520 3240  348 S  1.0  0.0   9087:17 NewHttpFront004                        (B[m[39;49m
(B[m24819 root      20   0 17244 3880  348 S  0.7  0.0   9094:40 NewHttpFront003                        (B[m[39;49m
(B[m16112 www       20   0 67080 6604  936 S  0.3  0.1   1305:37 nginx                                  (B[m[39;49m
(B[m16114 www       20   0 67276 8692  936 S  0.3  0.1   1302:57 nginx                                  (B[m[39;49m
(B[m16115 www       20   0 66932 6400  932 S  0.3  0.1   1304:50 nginx                                  (B[m[39;49m
(B[m    1 root      20   0 19364  968  756 S  0.0  0.0   0:21.17 init                                   (B[m[39;49m
(B[m    2 root      20   0     0    0    0 S  0.0  0.0   0:00.00 kthreadd                               (B[m[39;49m
(B[m    3 root      RT   0     0    0    0 S  0.0  0.0   0:17.29 migration/0                            (B[m[39;49m
(B[m    4 root      20   0     0    0    0 S  0.0  0.0  35:07.84 ksoftirqd/0                            (B[m[39;49m
(B[m    5 root      RT   0     0    0    0 S  0.0  0.0   0:00.00 migration/0                            (B[m[39;49m
(B[m    6 root      RT   0     0    0    0 S  0.0  0.0   0:45.13 watchdog/0                             (B[m[39;49m
(B[m    7 root      RT   0     0    0    0 S  0.0  0.0   0:05.01 migration/1                            (B[m[39;49m
(B[m    8 root      RT   0     0    0    0 S  0.0  0.0   0:00.00 migration/1                            (B[m[39;49m
(B[m    9 root      20   0     0    0    0 S  0.0  0.0  71:10.33 ksoftirqd/1                            (B[m[39;49m
(B[m   10 root      RT   0     0    0    0 S  0.0  0.0   0:29.29 watchdog/1                             (B[m[39;49m
(B[m   11 root      RT   0     0    0    0 S  0.0  0.0   0:06.39 migration/2                            (B[m[39;49m
(B[m   12 root      RT   0     0    0    0 S  0.0  0.0   0:00.00 migration/2                            (B[m[39;49m
(B[m   13 root      20   0     0    0    0 S  0.0  0.0  20:02.80 ksoftirqd/2                            (B[m[39;49m
(B[m   14 root      RT   0     0    0    0 S  0.0  0.0   0:32.21 watchdog/2                             (B[m[39;49m
(B[m   15 root      RT   0     0    0    0 S  0.0  0.0   0:02.35 migration/3                            (B[m[39;49m
(B[m   16 root      RT   0     0    0    0 S  0.0  0.0   0:00.00 migration/3                            (B[m[39;49m
(B[m   17 root      20   0     0    0    0 S  0.0  0.0  12:31.71 ksoftirqd/3                            (B[m[39;49m
(B[m   18 root      RT   0     0    0    0 S  0.0  0.0   0:32.49 watchdog/3                             (B[m[39;49m
(B[m   19 root      20   0     0    0    0 S  0.0  0.0  37:46.35 events/0                               (B[m[39;49m
(B[m   20 root      20   0     0    0    0 S  0.0  0.0  66:15.09 events/1                               (B[m[39;49m[6;1H[K[36;1H[?12l[?25h
]0;triniti@ip-208-109-95-30:~[triniti@ip-208-109-95-30 ~]$ [K[triniti@ip-208-109-95-30 ~]$ [K[triniti@ip-208-109-95-30 ~]$ [K[triniti@ip-208-109-95-30 ~]$ End time is 2016-11-22 22:19:43.274216